{"C:\\Users\\ghozz\\Documents\\portfolio\\Frontend\\src\\App.jsx": {"path":"C:\\Users\\ghozz\\Documents\\portfolio\\Frontend\\src\\App.jsx","statementMap":{"0":{"start":{"line":8,"column":2},"end":{"line":15,"column":6}}},"fnMap":{"0":{"name":"App","decl":{"start":{"line":7,"column":9},"end":{"line":7,"column":12}},"loc":{"start":{"line":7,"column":15},"end":{"line":16,"column":1}},"line":7}},"branchMap":{},"s":{"0":0},"f":{"0":0},"b":{}}
,"C:\\Users\\ghozz\\Documents\\portfolio\\Frontend\\src\\main.jsx": {"path":"C:\\Users\\ghozz\\Documents\\portfolio\\Frontend\\src\\main.jsx","statementMap":{"0":{"start":{"line":6,"column":0},"end":{"line":10,"column":1}}},"fnMap":{},"branchMap":{},"s":{"0":0},"f":{},"b":{}}
,"C:\\Users\\ghozz\\Documents\\portfolio\\Frontend\\src\\components\\header\\Header.jsx": {"path":"C:\\Users\\ghozz\\Documents\\portfolio\\Frontend\\src\\components\\header\\Header.jsx","statementMap":{"0":{"start":{"line":4,"column":15},"end":{"line":10,"column":1}},"1":{"start":{"line":5,"column":2},"end":{"line":9,"column":3}}},"fnMap":{"0":{"name":"(anonymous_0)","decl":{"start":{"line":4,"column":15},"end":{"line":4,"column":16}},"loc":{"start":{"line":4,"column":21},"end":{"line":10,"column":1}},"line":4}},"branchMap":{},"s":{"0":1,"1":1},"f":{"0":1},"b":{},"_coverageSchema":"1a1c01bbd47fc00a2c39e90264f33305004495a9","hash":"195bf450e2ad28fccb8add15b9e6372aeb0f947d"}
,"C:\\Users\\ghozz\\Documents\\portfolio\\Frontend\\src\\components\\mainContent\\Components.jsx": {"path":"C:\\Users\\ghozz\\Documents\\portfolio\\Frontend\\src\\components\\mainContent\\Components.jsx","statementMap":{"0":{"start":{"line":3,"column":19},"end":{"line":7,"column":1}},"1":{"start":{"line":4,"column":2},"end":{"line":6,"column":3}}},"fnMap":{"0":{"name":"(anonymous_0)","decl":{"start":{"line":3,"column":19},"end":{"line":3,"column":20}},"loc":{"start":{"line":3,"column":25},"end":{"line":7,"column":1}},"line":3}},"branchMap":{},"s":{"0":1,"1":1},"f":{"0":1},"b":{},"_coverageSchema":"1a1c01bbd47fc00a2c39e90264f33305004495a9","hash":"28d81362405676569a8a9f0f051da1bc23ee375b"}
,"C:\\Users\\ghozz\\Documents\\portfolio\\Frontend\\src\\components\\mainContent\\MainContent.jsx": {"path":"C:\\Users\\ghozz\\Documents\\portfolio\\Frontend\\src\\components\\mainContent\\MainContent.jsx","statementMap":{"0":{"start":{"line":3,"column":20},"end":{"line":7,"column":1}},"1":{"start":{"line":4,"column":2},"end":{"line":6,"column":3}}},"fnMap":{"0":{"name":"(anonymous_0)","decl":{"start":{"line":3,"column":20},"end":{"line":3,"column":21}},"loc":{"start":{"line":3,"column":26},"end":{"line":7,"column":1}},"line":3}},"branchMap":{},"s":{"0":1,"1":1},"f":{"0":1},"b":{},"_coverageSchema":"1a1c01bbd47fc00a2c39e90264f33305004495a9","hash":"b1423f3d0faf46d3a94b5b3185e5dd15be5c2449"}
,"C:\\Users\\ghozz\\Documents\\portfolio\\Frontend\\src\\components\\mainContent\\resume\\Resume.jsx": {"path":"C:\\Users\\ghozz\\Documents\\portfolio\\Frontend\\src\\components\\mainContent\\resume\\Resume.jsx","statementMap":{},"fnMap":{},"branchMap":{},"s":{},"f":{},"b":{}}
,"C:\\Users\\ghozz\\Documents\\portfolio\\Frontend\\src\\components\\mainContent\\resume\\Timeline.jsx": {"path":"C:\\Users\\ghozz\\Documents\\portfolio\\Frontend\\src\\components\\mainContent\\resume\\Timeline.jsx","statementMap":{},"fnMap":{},"branchMap":{},"s":{},"f":{},"b":{}}
,"C:\\Users\\ghozz\\Documents\\portfolio\\Frontend\\src\\components\\sidebar\\Sidebar.jsx": {"path":"C:\\Users\\ghozz\\Documents\\portfolio\\Frontend\\src\\components\\sidebar\\Sidebar.jsx","statementMap":{"0":{"start":{"line":3,"column":16},"end":{"line":7,"column":1}},"1":{"start":{"line":4,"column":2},"end":{"line":6,"column":3}}},"fnMap":{"0":{"name":"(anonymous_0)","decl":{"start":{"line":3,"column":16},"end":{"line":3,"column":17}},"loc":{"start":{"line":3,"column":22},"end":{"line":7,"column":1}},"line":3}},"branchMap":{},"s":{"0":1,"1":1},"f":{"0":1},"b":{},"_coverageSchema":"1a1c01bbd47fc00a2c39e90264f33305004495a9","hash":"4bda948640b407ff2196cc3c58c2cc7f9b4a1d6c"}
,"C:\\Users\\ghozz\\Documents\\portfolio\\Frontend\\src\\components\\sidebar\\SidebarIcon.jsx": {"path":"C:\\Users\\ghozz\\Documents\\portfolio\\Frontend\\src\\components\\sidebar\\SidebarIcon.jsx","statementMap":{"0":{"start":{"line":3,"column":20},"end":{"line":7,"column":1}},"1":{"start":{"line":4,"column":2},"end":{"line":6,"column":3}}},"fnMap":{"0":{"name":"(anonymous_0)","decl":{"start":{"line":3,"column":20},"end":{"line":3,"column":21}},"loc":{"start":{"line":3,"column":26},"end":{"line":7,"column":1}},"line":3}},"branchMap":{},"s":{"0":1,"1":1},"f":{"0":1},"b":{},"_coverageSchema":"1a1c01bbd47fc00a2c39e90264f33305004495a9","hash":"82429474b7ad9376789f97b96f24306b9d3eda08"}
}
