{"C:\\Users\\ghozz\\Documents\\portfolio\\Frontend\\src\\components\\header\\Header.jsx": {"path":"C:\\Users\\ghozz\\Documents\\portfolio\\Frontend\\src\\components\\header\\Header.jsx","statementMap":{"0":{"start":{"line":4,"column":15},"end":{"line":10,"column":1}},"1":{"start":{"line":5,"column":2},"end":{"line":9,"column":3}}},"fnMap":{"0":{"name":"(anonymous_0)","decl":{"start":{"line":4,"column":15},"end":{"line":4,"column":16}},"loc":{"start":{"line":4,"column":21},"end":{"line":10,"column":1}},"line":4}},"branchMap":{},"s":{"0":1,"1":1},"f":{"0":1},"b":{},"_coverageSchema":"1a1c01bbd47fc00a2c39e90264f33305004495a9","hash":"195bf450e2ad28fccb8add15b9e6372aeb0f947d"}
}
